<?xml version="1.0" encoding="UTF-8"?>
<testng-results ignored="0" total="1" passed="1" failed="0" skipped="0">
  <reporter-output>
  </reporter-output>
  <suite started-at="2023-06-04T17:31:43 IST" name="Default suite" finished-at="2023-06-04T17:31:57 IST" duration-ms="14301">
    <groups>
    </groups>
    <test started-at="2023-06-04T17:31:43 IST" name="Default test" finished-at="2023-06-04T17:31:57 IST" duration-ms="14301">
      <class name="com.selenium.code.locator.TestNGDemo">
        <test-method signature="verifyTitlePage()[pri:0, instance:com.selenium.code.locator.TestNGDemo@2dc54ad4]" started-at="2023-06-04T17:31:43 IST" name="verifyTitlePage" finished-at="2023-06-04T17:31:57 IST" duration-ms="14158" status="PASS">
          <reporter-output>
          </reporter-output>
        </test-method> <!-- verifyTitlePage -->
      </class> <!-- com.selenium.code.locator.TestNGDemo -->
    </test> <!-- Default test -->
  </suite> <!-- Default suite -->
</testng-results>
